

Started GET "/" for 127.0.0.1 at 2014-11-18 10:48:10 -0500
Processing by HomeController#index as HTML
  Rendered text template (0.0ms)
Completed 200 OK in 13ms (Views: 6.1ms | ActiveRecord: 0.0ms)


Started GET "/" for 127.0.0.1 at 2014-11-18 10:48:13 -0500
Processing by HomeController#index as HTML
  Rendered text template (0.0ms)
Completed 200 OK in 1ms (Views: 0.3ms | ActiveRecord: 0.0ms)


Started GET "/" for 127.0.0.1 at 2014-11-18 10:49:23 -0500
Processing by HomeController#index as HTML
  Rendered home/index.html.erb within layouts/application (2.5ms)
Completed 200 OK in 928ms (Views: 927.6ms | ActiveRecord: 0.0ms)


Started GET "/assets/application.css?body=1" for 127.0.0.1 at 2014-11-18 10:49:24 -0500


Started GET "/assets/turbolinks.js?body=1" for 127.0.0.1 at 2014-11-18 10:49:24 -0500


Started GET "/assets/application.js?body=1" for 127.0.0.1 at 2014-11-18 10:49:24 -0500


Started GET "/assets/jquery_ujs.js?body=1" for 127.0.0.1 at 2014-11-18 10:49:24 -0500


Started GET "/assets/jquery.js?body=1" for 127.0.0.1 at 2014-11-18 10:49:24 -0500


Started GET "/" for 127.0.0.1 at 2014-11-18 10:49:28 -0500
Processing by HomeController#index as HTML
  Rendered home/index.html.erb within layouts/application (0.1ms)
Completed 200 OK in 35ms (Views: 33.4ms | ActiveRecord: 0.0ms)


Started GET "/" for 127.0.0.1 at 2014-11-18 10:50:22 -0500
Processing by HomeController#index as HTML
Redirected to 
Completed 500 Internal Server Error in 5ms

NoMethodError (undefined method `no_access_url' for #<HomeController:0x007ffd0d4f23f8>):
  app/controllers/home_controller.rb:3:in `index'


  Rendered /Users/foyc/.rbenv/versions/2.1.2/lib/ruby/gems/2.1.0/gems/actionpack-4.1.1/lib/action_dispatch/middleware/templates/rescues/_source.erb (0.9ms)
  Rendered /Users/foyc/.rbenv/versions/2.1.2/lib/ruby/gems/2.1.0/gems/actionpack-4.1.1/lib/action_dispatch/middleware/templates/rescues/_trace.html.erb (1.1ms)
  Rendered /Users/foyc/.rbenv/versions/2.1.2/lib/ruby/gems/2.1.0/gems/actionpack-4.1.1/lib/action_dispatch/middleware/templates/rescues/_request_and_response.html.erb (1.3ms)
  Rendered /Users/foyc/.rbenv/versions/2.1.2/lib/ruby/gems/2.1.0/gems/actionpack-4.1.1/lib/action_dispatch/middleware/templates/rescues/diagnostics.erb within rescues/layout (23.3ms)


Started GET "/" for 127.0.0.1 at 2014-11-18 10:51:33 -0500
Processing by HomeController#index as HTML
Redirected to 
Completed 500 Internal Server Error in 7ms

NoMethodError (undefined method `no_access_url' for #<HomeController:0x007ffd0ceba378>):
  app/controllers/home_controller.rb:3:in `index'


  Rendered /Users/foyc/.rbenv/versions/2.1.2/lib/ruby/gems/2.1.0/gems/actionpack-4.1.1/lib/action_dispatch/middleware/templates/rescues/_source.erb (0.7ms)
  Rendered /Users/foyc/.rbenv/versions/2.1.2/lib/ruby/gems/2.1.0/gems/actionpack-4.1.1/lib/action_dispatch/middleware/templates/rescues/_trace.html.erb (1.7ms)
  Rendered /Users/foyc/.rbenv/versions/2.1.2/lib/ruby/gems/2.1.0/gems/actionpack-4.1.1/lib/action_dispatch/middleware/templates/rescues/_request_and_response.html.erb (1.3ms)
  Rendered /Users/foyc/.rbenv/versions/2.1.2/lib/ruby/gems/2.1.0/gems/actionpack-4.1.1/lib/action_dispatch/middleware/templates/rescues/diagnostics.erb within rescues/layout (20.2ms)


Started GET "/" for 127.0.0.1 at 2014-11-18 10:51:48 -0500
Processing by HomeController#index as HTML
Redirected to http://localhost:9292no_access
Completed 302 Found in 1ms (ActiveRecord: 0.0ms)


Started GET "/" for 127.0.0.1 at 2014-11-18 10:51:48 -0500
Processing by HomeController#index as HTML
Redirected to http://localhost:9292no_access
Completed 302 Found in 1ms (ActiveRecord: 0.0ms)


Started GET "/" for 127.0.0.1 at 2014-11-18 10:51:50 -0500
Processing by HomeController#index as HTML
Redirected to http://localhost:9292no_access
Completed 302 Found in 1ms (ActiveRecord: 0.0ms)


Started GET "/" for 127.0.0.1 at 2014-11-18 10:53:10 -0500
Processing by HomeController#index as HTML
Redirected to http://localhost:9292/home/no_access
Completed 302 Found in 2ms (ActiveRecord: 0.0ms)


Started GET "/home/no_access" for 127.0.0.1 at 2014-11-18 10:53:10 -0500
Processing by HomeController#no_access as HTML
  Rendered home/no_access.html.erb within layouts/application (0.6ms)
Completed 200 OK in 39ms (Views: 37.8ms | ActiveRecord: 0.0ms)


Started GET "/assets/application.css?body=1" for 127.0.0.1 at 2014-11-18 10:53:10 -0500


Started GET "/assets/turbolinks.js?body=1" for 127.0.0.1 at 2014-11-18 10:53:10 -0500


Started GET "/assets/jquery.js?body=1" for 127.0.0.1 at 2014-11-18 10:53:10 -0500


Started GET "/assets/application.js?body=1" for 127.0.0.1 at 2014-11-18 10:53:10 -0500


Started GET "/assets/jquery_ujs.js?body=1" for 127.0.0.1 at 2014-11-18 10:53:10 -0500


Started GET "/home/no_access" for 127.0.0.1 at 2014-11-18 10:53:32 -0500
Processing by HomeController#no_access as HTML
  Rendered home/no_access.html.erb within layouts/application (0.1ms)
Completed 200 OK in 34ms (Views: 33.2ms | ActiveRecord: 0.0ms)


Started GET "/assets/jquery.js?body=1" for 127.0.0.1 at 2014-11-18 10:53:32 -0500


Started GET "/assets/application.css?body=1" for 127.0.0.1 at 2014-11-18 10:53:32 -0500


Started GET "/assets/turbolinks.js?body=1" for 127.0.0.1 at 2014-11-18 10:53:32 -0500


Started GET "/assets/jquery_ujs.js?body=1" for 127.0.0.1 at 2014-11-18 10:53:32 -0500


Started GET "/assets/application.js?body=1" for 127.0.0.1 at 2014-11-18 10:53:32 -0500
  [1m[36m (4.8ms)[0m  [1mCREATE TABLE "schema_migrations" ("version" character varying(255) NOT NULL) [0m
  [1m[35m (2.2ms)[0m  CREATE UNIQUE INDEX  "unique_schema_migrations" ON "schema_migrations"  ("version")
  [1m[36mActiveRecord::SchemaMigration Load (0.3ms)[0m  [1mSELECT "schema_migrations".* FROM "schema_migrations"[0m
Migrating to AddDepartments (20141118164442)
  [1m[35m (0.2ms)[0m  BEGIN
  [1m[36m (27.5ms)[0m  [1mCREATE TABLE "departments" ("id" serial primary key, "name" character varying(255), "role_department" character varying(255)) [0m
  [1m[35mSQL (6.0ms)[0m  INSERT INTO "schema_migrations" ("version") VALUES ($1)  [["version", "20141118164442"]]
  [1m[36m (6.0ms)[0m  [1mCOMMIT[0m
  [1m[35mActiveRecord::SchemaMigration Load (0.4ms)[0m  SELECT "schema_migrations".* FROM "schema_migrations"
  [1m[36m (0.1ms)[0m  [1mBEGIN[0m
  [1m[35mSQL (0.9ms)[0m  INSERT INTO "departments" DEFAULT VALUES RETURNING "id"
  [1m[36m (1.7ms)[0m  [1mCOMMIT[0m
  [1m[35mDepartment Load (1.8ms)[0m  SELECT  "departments".* FROM "departments"   ORDER BY "departments"."id" ASC LIMIT 1
  [1m[36m (0.2ms)[0m  [1mBEGIN[0m
  [1m[35m (0.1ms)[0m  COMMIT
  [1m[36mDepartment Load (0.5ms)[0m  [1mSELECT  "departments".* FROM "departments"   ORDER BY "departments"."id" ASC LIMIT 1[0m
  [1m[35m (0.2ms)[0m  BEGIN
  [1m[36m (0.1ms)[0m  [1mCOMMIT[0m
  [1m[35m (0.2ms)[0m  BEGIN
  [1m[36m (0.1ms)[0m  [1mCOMMIT[0m
  [1m[35mDepartment Load (0.4ms)[0m  SELECT  "departments".* FROM "departments"  WHERE "departments"."id" = $1 LIMIT 1  [["id", 1]]
  [1m[36mDepartment Load (0.7ms)[0m  [1mSELECT  "departments".* FROM "departments"   ORDER BY "departments"."id" ASC LIMIT 1[0m
  [1m[35m (0.7ms)[0m  UPDATE Department set name='Hello'
PG::UndefinedTable: ERROR:  relation "department" does not exist
LINE 1: UPDATE Department set name='Hello'
               ^
: UPDATE Department set name='Hello'
  [1m[36m (3.1ms)[0m  [1mUPDATE Departments set name='Hello'[0m
  [1m[35mDepartment Load (0.7ms)[0m  SELECT  "departments".* FROM "departments"   ORDER BY "departments"."id" ASC LIMIT 1
  [1m[36m (0.2ms)[0m  [1mBEGIN[0m
  [1m[35mSQL (0.5ms)[0m  INSERT INTO "departments" DEFAULT VALUES RETURNING "id"
  [1m[36m (1.6ms)[0m  [1mCOMMIT[0m
  [1m[35mDepartment Load (0.6ms)[0m  SELECT  "departments".* FROM "departments"   ORDER BY "departments"."id" ASC LIMIT 1
  [1m[36m (0.2ms)[0m  [1mBEGIN[0m
  [1m[35m (0.1ms)[0m  COMMIT
  [1m[36mDepartment Load (0.4ms)[0m  [1mSELECT  "departments".* FROM "departments"  WHERE "departments"."id" = $1 LIMIT 1[0m  [["id", 1]]
  [1m[36mDepartment Load (0.7ms)[0m  [1mSELECT  "departments".* FROM "departments"   ORDER BY "departments"."id" ASC LIMIT 1[0m
  [1m[35m (0.2ms)[0m  BEGIN
  [1m[36mSQL (0.7ms)[0m  [1mUPDATE "departments" SET "name" = $1 WHERE "departments"."id" = 1[0m  [["name", "GB"]]
  [1m[35m (1.9ms)[0m  COMMIT
  [1m[36mDepartment Load (0.8ms)[0m  [1mSELECT  "departments".* FROM "departments"  WHERE "departments"."id" = $1 LIMIT 1[0m  [["id", 1]]


Started GET "/departments/show/1" for 127.0.0.1 at 2014-11-18 12:58:47 -0500
  [1m[36mActiveRecord::SchemaMigration Load (2.4ms)[0m  [1mSELECT "schema_migrations".* FROM "schema_migrations"[0m

ActionController::RoutingError (No route matches [GET] "/departments/show/1"):
  actionpack (4.1.1) lib/action_dispatch/middleware/debug_exceptions.rb:21:in `call'
  actionpack (4.1.1) lib/action_dispatch/middleware/show_exceptions.rb:30:in `call'
  railties (4.1.1) lib/rails/rack/logger.rb:38:in `call_app'
  railties (4.1.1) lib/rails/rack/logger.rb:20:in `block in call'
  activesupport (4.1.1) lib/active_support/tagged_logging.rb:68:in `block in tagged'
  activesupport (4.1.1) lib/active_support/tagged_logging.rb:26:in `tagged'
  activesupport (4.1.1) lib/active_support/tagged_logging.rb:68:in `tagged'
  railties (4.1.1) lib/rails/rack/logger.rb:20:in `call'
  actionpack (4.1.1) lib/action_dispatch/middleware/request_id.rb:21:in `call'
  rack (1.5.2) lib/rack/methodoverride.rb:21:in `call'
  rack (1.5.2) lib/rack/runtime.rb:17:in `call'
  activesupport (4.1.1) lib/active_support/cache/strategy/local_cache_middleware.rb:26:in `call'
  rack (1.5.2) lib/rack/lock.rb:17:in `call'
  actionpack (4.1.1) lib/action_dispatch/middleware/static.rb:64:in `call'
  rack (1.5.2) lib/rack/sendfile.rb:112:in `call'
  railties (4.1.1) lib/rails/engine.rb:514:in `call'
  railties (4.1.1) lib/rails/application.rb:144:in `call'
  rack (1.5.2) lib/rack/lint.rb:49:in `_call'
  rack (1.5.2) lib/rack/lint.rb:37:in `call'
  rack (1.5.2) lib/rack/showexceptions.rb:24:in `call'
  rack (1.5.2) lib/rack/commonlogger.rb:33:in `call'
  rack (1.5.2) lib/rack/chunked.rb:43:in `call'
  rack (1.5.2) lib/rack/content_length.rb:14:in `call'
  rack (1.5.2) lib/rack/handler/webrick.rb:60:in `service'
  /Users/foyc/.rbenv/versions/2.1.2/lib/ruby/2.1.0/webrick/httpserver.rb:138:in `service'
  /Users/foyc/.rbenv/versions/2.1.2/lib/ruby/2.1.0/webrick/httpserver.rb:94:in `run'
  /Users/foyc/.rbenv/versions/2.1.2/lib/ruby/2.1.0/webrick/server.rb:295:in `block in start_thread'


  Rendered /Users/foyc/.rbenv/versions/2.1.2/lib/ruby/gems/2.1.0/gems/actionpack-4.1.1/lib/action_dispatch/middleware/templates/rescues/_trace.html.erb (2.2ms)
  Rendered /Users/foyc/.rbenv/versions/2.1.2/lib/ruby/gems/2.1.0/gems/actionpack-4.1.1/lib/action_dispatch/middleware/templates/routes/_route.html.erb (0.9ms)
  Rendered /Users/foyc/.rbenv/versions/2.1.2/lib/ruby/gems/2.1.0/gems/actionpack-4.1.1/lib/action_dispatch/middleware/templates/routes/_table.html.erb (15.5ms)
  Rendered /Users/foyc/.rbenv/versions/2.1.2/lib/ruby/gems/2.1.0/gems/actionpack-4.1.1/lib/action_dispatch/middleware/templates/rescues/routing_error.html.erb within rescues/layout (52.2ms)


Started GET "/departments/show/1" for 127.0.0.1 at 2014-11-18 12:58:47 -0500

ActionController::RoutingError (No route matches [GET] "/departments/show/1"):
  actionpack (4.1.1) lib/action_dispatch/middleware/debug_exceptions.rb:21:in `call'
  actionpack (4.1.1) lib/action_dispatch/middleware/show_exceptions.rb:30:in `call'
  railties (4.1.1) lib/rails/rack/logger.rb:38:in `call_app'
  railties (4.1.1) lib/rails/rack/logger.rb:20:in `block in call'
  activesupport (4.1.1) lib/active_support/tagged_logging.rb:68:in `block in tagged'
  activesupport (4.1.1) lib/active_support/tagged_logging.rb:26:in `tagged'
  activesupport (4.1.1) lib/active_support/tagged_logging.rb:68:in `tagged'
  railties (4.1.1) lib/rails/rack/logger.rb:20:in `call'
  actionpack (4.1.1) lib/action_dispatch/middleware/request_id.rb:21:in `call'
  rack (1.5.2) lib/rack/methodoverride.rb:21:in `call'
  rack (1.5.2) lib/rack/runtime.rb:17:in `call'
  activesupport (4.1.1) lib/active_support/cache/strategy/local_cache_middleware.rb:26:in `call'
  rack (1.5.2) lib/rack/lock.rb:17:in `call'
  actionpack (4.1.1) lib/action_dispatch/middleware/static.rb:64:in `call'
  rack (1.5.2) lib/rack/sendfile.rb:112:in `call'
  railties (4.1.1) lib/rails/engine.rb:514:in `call'
  railties (4.1.1) lib/rails/application.rb:144:in `call'
  rack (1.5.2) lib/rack/lint.rb:49:in `_call'
  rack (1.5.2) lib/rack/lint.rb:37:in `call'
  rack (1.5.2) lib/rack/showexceptions.rb:24:in `call'
  rack (1.5.2) lib/rack/commonlogger.rb:33:in `call'
  rack (1.5.2) lib/rack/chunked.rb:43:in `call'
  rack (1.5.2) lib/rack/content_length.rb:14:in `call'
  rack (1.5.2) lib/rack/handler/webrick.rb:60:in `service'
  /Users/foyc/.rbenv/versions/2.1.2/lib/ruby/2.1.0/webrick/httpserver.rb:138:in `service'
  /Users/foyc/.rbenv/versions/2.1.2/lib/ruby/2.1.0/webrick/httpserver.rb:94:in `run'
  /Users/foyc/.rbenv/versions/2.1.2/lib/ruby/2.1.0/webrick/server.rb:295:in `block in start_thread'


  Rendered /Users/foyc/.rbenv/versions/2.1.2/lib/ruby/gems/2.1.0/gems/actionpack-4.1.1/lib/action_dispatch/middleware/templates/rescues/_trace.html.erb (1.9ms)
  Rendered /Users/foyc/.rbenv/versions/2.1.2/lib/ruby/gems/2.1.0/gems/actionpack-4.1.1/lib/action_dispatch/middleware/templates/routes/_route.html.erb (1.8ms)
  Rendered /Users/foyc/.rbenv/versions/2.1.2/lib/ruby/gems/2.1.0/gems/actionpack-4.1.1/lib/action_dispatch/middleware/templates/routes/_table.html.erb (2.1ms)
  Rendered /Users/foyc/.rbenv/versions/2.1.2/lib/ruby/gems/2.1.0/gems/actionpack-4.1.1/lib/action_dispatch/middleware/templates/rescues/routing_error.html.erb within rescues/layout (22.0ms)


Started GET "/departments/show/1" for 127.0.0.1 at 2014-11-18 12:59:06 -0500
  [1m[36mActiveRecord::SchemaMigration Load (0.6ms)[0m  [1mSELECT "schema_migrations".* FROM "schema_migrations"[0m

ActionController::RoutingError (No route matches [GET] "/departments/show/1"):
  actionpack (4.1.1) lib/action_dispatch/middleware/debug_exceptions.rb:21:in `call'
  actionpack (4.1.1) lib/action_dispatch/middleware/show_exceptions.rb:30:in `call'
  railties (4.1.1) lib/rails/rack/logger.rb:38:in `call_app'
  railties (4.1.1) lib/rails/rack/logger.rb:20:in `block in call'
  activesupport (4.1.1) lib/active_support/tagged_logging.rb:68:in `block in tagged'
  activesupport (4.1.1) lib/active_support/tagged_logging.rb:26:in `tagged'
  activesupport (4.1.1) lib/active_support/tagged_logging.rb:68:in `tagged'
  railties (4.1.1) lib/rails/rack/logger.rb:20:in `call'
  actionpack (4.1.1) lib/action_dispatch/middleware/request_id.rb:21:in `call'
  rack (1.5.2) lib/rack/methodoverride.rb:21:in `call'
  rack (1.5.2) lib/rack/runtime.rb:17:in `call'
  activesupport (4.1.1) lib/active_support/cache/strategy/local_cache_middleware.rb:26:in `call'
  rack (1.5.2) lib/rack/lock.rb:17:in `call'
  actionpack (4.1.1) lib/action_dispatch/middleware/static.rb:64:in `call'
  rack (1.5.2) lib/rack/sendfile.rb:112:in `call'
  railties (4.1.1) lib/rails/engine.rb:514:in `call'
  railties (4.1.1) lib/rails/application.rb:144:in `call'
  rack (1.5.2) lib/rack/lint.rb:49:in `_call'
  rack (1.5.2) lib/rack/lint.rb:37:in `call'
  rack (1.5.2) lib/rack/showexceptions.rb:24:in `call'
  rack (1.5.2) lib/rack/commonlogger.rb:33:in `call'
  rack (1.5.2) lib/rack/chunked.rb:43:in `call'
  rack (1.5.2) lib/rack/content_length.rb:14:in `call'
  rack (1.5.2) lib/rack/handler/webrick.rb:60:in `service'
  /Users/foyc/.rbenv/versions/2.1.2/lib/ruby/2.1.0/webrick/httpserver.rb:138:in `service'
  /Users/foyc/.rbenv/versions/2.1.2/lib/ruby/2.1.0/webrick/httpserver.rb:94:in `run'
  /Users/foyc/.rbenv/versions/2.1.2/lib/ruby/2.1.0/webrick/server.rb:295:in `block in start_thread'


  Rendered /Users/foyc/.rbenv/versions/2.1.2/lib/ruby/gems/2.1.0/gems/actionpack-4.1.1/lib/action_dispatch/middleware/templates/rescues/_trace.html.erb (1.7ms)
  Rendered /Users/foyc/.rbenv/versions/2.1.2/lib/ruby/gems/2.1.0/gems/actionpack-4.1.1/lib/action_dispatch/middleware/templates/routes/_route.html.erb (1.1ms)
  Rendered /Users/foyc/.rbenv/versions/2.1.2/lib/ruby/gems/2.1.0/gems/actionpack-4.1.1/lib/action_dispatch/middleware/templates/routes/_table.html.erb (5.6ms)
  Rendered /Users/foyc/.rbenv/versions/2.1.2/lib/ruby/gems/2.1.0/gems/actionpack-4.1.1/lib/action_dispatch/middleware/templates/rescues/routing_error.html.erb within rescues/layout (26.2ms)


Started GET "/departments/show/1" for 127.0.0.1 at 2014-11-18 12:59:08 -0500

ActionController::RoutingError (No route matches [GET] "/departments/show/1"):
  actionpack (4.1.1) lib/action_dispatch/middleware/debug_exceptions.rb:21:in `call'
  actionpack (4.1.1) lib/action_dispatch/middleware/show_exceptions.rb:30:in `call'
  railties (4.1.1) lib/rails/rack/logger.rb:38:in `call_app'
  railties (4.1.1) lib/rails/rack/logger.rb:20:in `block in call'
  activesupport (4.1.1) lib/active_support/tagged_logging.rb:68:in `block in tagged'
  activesupport (4.1.1) lib/active_support/tagged_logging.rb:26:in `tagged'
  activesupport (4.1.1) lib/active_support/tagged_logging.rb:68:in `tagged'
  railties (4.1.1) lib/rails/rack/logger.rb:20:in `call'
  actionpack (4.1.1) lib/action_dispatch/middleware/request_id.rb:21:in `call'
  rack (1.5.2) lib/rack/methodoverride.rb:21:in `call'
  rack (1.5.2) lib/rack/runtime.rb:17:in `call'
  activesupport (4.1.1) lib/active_support/cache/strategy/local_cache_middleware.rb:26:in `call'
  rack (1.5.2) lib/rack/lock.rb:17:in `call'
  actionpack (4.1.1) lib/action_dispatch/middleware/static.rb:64:in `call'
  rack (1.5.2) lib/rack/sendfile.rb:112:in `call'
  railties (4.1.1) lib/rails/engine.rb:514:in `call'
  railties (4.1.1) lib/rails/application.rb:144:in `call'
  rack (1.5.2) lib/rack/lint.rb:49:in `_call'
  rack (1.5.2) lib/rack/lint.rb:37:in `call'
  rack (1.5.2) lib/rack/showexceptions.rb:24:in `call'
  rack (1.5.2) lib/rack/commonlogger.rb:33:in `call'
  rack (1.5.2) lib/rack/chunked.rb:43:in `call'
  rack (1.5.2) lib/rack/content_length.rb:14:in `call'
  rack (1.5.2) lib/rack/handler/webrick.rb:60:in `service'
  /Users/foyc/.rbenv/versions/2.1.2/lib/ruby/2.1.0/webrick/httpserver.rb:138:in `service'
  /Users/foyc/.rbenv/versions/2.1.2/lib/ruby/2.1.0/webrick/httpserver.rb:94:in `run'
  /Users/foyc/.rbenv/versions/2.1.2/lib/ruby/2.1.0/webrick/server.rb:295:in `block in start_thread'


  Rendered /Users/foyc/.rbenv/versions/2.1.2/lib/ruby/gems/2.1.0/gems/actionpack-4.1.1/lib/action_dispatch/middleware/templates/rescues/_trace.html.erb (1.3ms)
  Rendered /Users/foyc/.rbenv/versions/2.1.2/lib/ruby/gems/2.1.0/gems/actionpack-4.1.1/lib/action_dispatch/middleware/templates/routes/_route.html.erb (1.4ms)
  Rendered /Users/foyc/.rbenv/versions/2.1.2/lib/ruby/gems/2.1.0/gems/actionpack-4.1.1/lib/action_dispatch/middleware/templates/routes/_table.html.erb (36.0ms)
  Rendered /Users/foyc/.rbenv/versions/2.1.2/lib/ruby/gems/2.1.0/gems/actionpack-4.1.1/lib/action_dispatch/middleware/templates/rescues/routing_error.html.erb within rescues/layout (54.0ms)


Started GET "/departments/show/1" for 127.0.0.1 at 2014-11-18 12:59:09 -0500

ActionController::RoutingError (No route matches [GET] "/departments/show/1"):
  actionpack (4.1.1) lib/action_dispatch/middleware/debug_exceptions.rb:21:in `call'
  actionpack (4.1.1) lib/action_dispatch/middleware/show_exceptions.rb:30:in `call'
  railties (4.1.1) lib/rails/rack/logger.rb:38:in `call_app'
  railties (4.1.1) lib/rails/rack/logger.rb:20:in `block in call'
  activesupport (4.1.1) lib/active_support/tagged_logging.rb:68:in `block in tagged'
  activesupport (4.1.1) lib/active_support/tagged_logging.rb:26:in `tagged'
  activesupport (4.1.1) lib/active_support/tagged_logging.rb:68:in `tagged'
  railties (4.1.1) lib/rails/rack/logger.rb:20:in `call'
  actionpack (4.1.1) lib/action_dispatch/middleware/request_id.rb:21:in `call'
  rack (1.5.2) lib/rack/methodoverride.rb:21:in `call'
  rack (1.5.2) lib/rack/runtime.rb:17:in `call'
  activesupport (4.1.1) lib/active_support/cache/strategy/local_cache_middleware.rb:26:in `call'
  rack (1.5.2) lib/rack/lock.rb:17:in `call'
  actionpack (4.1.1) lib/action_dispatch/middleware/static.rb:64:in `call'
  rack (1.5.2) lib/rack/sendfile.rb:112:in `call'
  railties (4.1.1) lib/rails/engine.rb:514:in `call'
  railties (4.1.1) lib/rails/application.rb:144:in `call'
  rack (1.5.2) lib/rack/lint.rb:49:in `_call'
  rack (1.5.2) lib/rack/lint.rb:37:in `call'
  rack (1.5.2) lib/rack/showexceptions.rb:24:in `call'
  rack (1.5.2) lib/rack/commonlogger.rb:33:in `call'
  rack (1.5.2) lib/rack/chunked.rb:43:in `call'
  rack (1.5.2) lib/rack/content_length.rb:14:in `call'
  rack (1.5.2) lib/rack/handler/webrick.rb:60:in `service'
  /Users/foyc/.rbenv/versions/2.1.2/lib/ruby/2.1.0/webrick/httpserver.rb:138:in `service'
  /Users/foyc/.rbenv/versions/2.1.2/lib/ruby/2.1.0/webrick/httpserver.rb:94:in `run'
  /Users/foyc/.rbenv/versions/2.1.2/lib/ruby/2.1.0/webrick/server.rb:295:in `block in start_thread'


  Rendered /Users/foyc/.rbenv/versions/2.1.2/lib/ruby/gems/2.1.0/gems/actionpack-4.1.1/lib/action_dispatch/middleware/templates/rescues/_trace.html.erb (0.9ms)
  Rendered /Users/foyc/.rbenv/versions/2.1.2/lib/ruby/gems/2.1.0/gems/actionpack-4.1.1/lib/action_dispatch/middleware/templates/routes/_route.html.erb (0.7ms)
  Rendered /Users/foyc/.rbenv/versions/2.1.2/lib/ruby/gems/2.1.0/gems/actionpack-4.1.1/lib/action_dispatch/middleware/templates/routes/_table.html.erb (1.9ms)
  Rendered /Users/foyc/.rbenv/versions/2.1.2/lib/ruby/gems/2.1.0/gems/actionpack-4.1.1/lib/action_dispatch/middleware/templates/rescues/routing_error.html.erb within rescues/layout (15.3ms)


Started GET "/departments/show/1" for 127.0.0.1 at 2014-11-18 12:59:18 -0500

ActionController::RoutingError (No route matches [GET] "/departments/show/1"):
  actionpack (4.1.1) lib/action_dispatch/middleware/debug_exceptions.rb:21:in `call'
  actionpack (4.1.1) lib/action_dispatch/middleware/show_exceptions.rb:30:in `call'
  railties (4.1.1) lib/rails/rack/logger.rb:38:in `call_app'
  railties (4.1.1) lib/rails/rack/logger.rb:20:in `block in call'
  activesupport (4.1.1) lib/active_support/tagged_logging.rb:68:in `block in tagged'
  activesupport (4.1.1) lib/active_support/tagged_logging.rb:26:in `tagged'
  activesupport (4.1.1) lib/active_support/tagged_logging.rb:68:in `tagged'
  railties (4.1.1) lib/rails/rack/logger.rb:20:in `call'
  actionpack (4.1.1) lib/action_dispatch/middleware/request_id.rb:21:in `call'
  rack (1.5.2) lib/rack/methodoverride.rb:21:in `call'
  rack (1.5.2) lib/rack/runtime.rb:17:in `call'
  activesupport (4.1.1) lib/active_support/cache/strategy/local_cache_middleware.rb:26:in `call'
  rack (1.5.2) lib/rack/lock.rb:17:in `call'
  actionpack (4.1.1) lib/action_dispatch/middleware/static.rb:64:in `call'
  rack (1.5.2) lib/rack/sendfile.rb:112:in `call'
  railties (4.1.1) lib/rails/engine.rb:514:in `call'
  railties (4.1.1) lib/rails/application.rb:144:in `call'
  rack (1.5.2) lib/rack/lint.rb:49:in `_call'
  rack (1.5.2) lib/rack/lint.rb:37:in `call'
  rack (1.5.2) lib/rack/showexceptions.rb:24:in `call'
  rack (1.5.2) lib/rack/commonlogger.rb:33:in `call'
  rack (1.5.2) lib/rack/chunked.rb:43:in `call'
  rack (1.5.2) lib/rack/content_length.rb:14:in `call'
  rack (1.5.2) lib/rack/handler/webrick.rb:60:in `service'
  /Users/foyc/.rbenv/versions/2.1.2/lib/ruby/2.1.0/webrick/httpserver.rb:138:in `service'
  /Users/foyc/.rbenv/versions/2.1.2/lib/ruby/2.1.0/webrick/httpserver.rb:94:in `run'
  /Users/foyc/.rbenv/versions/2.1.2/lib/ruby/2.1.0/webrick/server.rb:295:in `block in start_thread'


  Rendered /Users/foyc/.rbenv/versions/2.1.2/lib/ruby/gems/2.1.0/gems/actionpack-4.1.1/lib/action_dispatch/middleware/templates/rescues/_trace.html.erb (2.0ms)
  Rendered /Users/foyc/.rbenv/versions/2.1.2/lib/ruby/gems/2.1.0/gems/actionpack-4.1.1/lib/action_dispatch/middleware/templates/routes/_route.html.erb (1.0ms)
  Rendered /Users/foyc/.rbenv/versions/2.1.2/lib/ruby/gems/2.1.0/gems/actionpack-4.1.1/lib/action_dispatch/middleware/templates/routes/_table.html.erb (1.2ms)
  Rendered /Users/foyc/.rbenv/versions/2.1.2/lib/ruby/gems/2.1.0/gems/actionpack-4.1.1/lib/action_dispatch/middleware/templates/rescues/routing_error.html.erb within rescues/layout (19.2ms)


Started GET "/" for 127.0.0.1 at 2014-11-18 13:29:16 -0500
  [1m[36mActiveRecord::SchemaMigration Load (0.6ms)[0m  [1mSELECT "schema_migrations".* FROM "schema_migrations"[0m
Processing by HomeController#index as HTML
Redirected to http://localhost:9292/home/no_access
Completed 302 Found in 11ms (ActiveRecord: 0.0ms)


Started GET "/home/no_access" for 127.0.0.1 at 2014-11-18 13:29:16 -0500
Processing by HomeController#no_access as HTML
  Rendered home/no_access.html.erb within layouts/application (1.0ms)
Completed 200 OK in 93ms (Views: 92.4ms | ActiveRecord: 0.0ms)


Started GET "/assets/application.css?body=1" for 127.0.0.1 at 2014-11-18 13:29:16 -0500


Started GET "/assets/jquery.js?body=1" for 127.0.0.1 at 2014-11-18 13:29:16 -0500


Started GET "/assets/jquery_ujs.js?body=1" for 127.0.0.1 at 2014-11-18 13:29:16 -0500


Started GET "/assets/application.js?body=1" for 127.0.0.1 at 2014-11-18 13:29:16 -0500


Started GET "/assets/turbolinks.js?body=1" for 127.0.0.1 at 2014-11-18 13:29:16 -0500
  [1m[36mActiveRecord::SchemaMigration Load (0.4ms)[0m  [1mSELECT "schema_migrations".* FROM "schema_migrations"[0m
  [1m[36mActiveRecord::SchemaMigration Load (0.6ms)[0m  [1mSELECT "schema_migrations".* FROM "schema_migrations"[0m
  [1m[35m (0.1ms)[0m  BEGIN
  [1m[36m (0.1ms)[0m  [1mROLLBACK[0m
  [1m[36mActiveRecord::SchemaMigration Load (0.3ms)[0m  [1mSELECT "schema_migrations".* FROM "schema_migrations"[0m
  [1m[35m (0.2ms)[0m  BEGIN
  [1m[36mDepartment Load (3.6ms)[0m  [1mSELECT  "departments".* FROM "departments"  WHERE "departments"."name" = 'Civil and Environmental Engineering' AND "departments"."role_department" = 'D_CEE Civil & Environmental Engineering' LIMIT 1[0m
  [1m[35mSQL (0.5ms)[0m  INSERT INTO "departments" ("name", "role_department") VALUES ($1, $2) RETURNING "id"  [["name", "Civil and Environmental Engineering"], ["role_department", "D_CEE Civil & Environmental Engineering"]]
  [1m[36mDepartment Load (0.3ms)[0m  [1mSELECT  "departments".* FROM "departments"  WHERE "departments"."name" = 'Mechanical Engineering' AND "departments"."role_department" = 'D_MECHE Mechanical Engineering' LIMIT 1[0m
  [1m[35mSQL (0.2ms)[0m  INSERT INTO "departments" ("name", "role_department") VALUES ($1, $2) RETURNING "id"  [["name", "Mechanical Engineering"], ["role_department", "D_MECHE Mechanical Engineering"]]
  [1m[36mDepartment Load (0.2ms)[0m  [1mSELECT  "departments".* FROM "departments"  WHERE "departments"."name" = 'DMSE' AND "departments"."role_department" = 'D_DMSE Dept Material Science and Engineering' LIMIT 1[0m
  [1m[35mSQL (0.2ms)[0m  INSERT INTO "departments" ("name", "role_department") VALUES ($1, $2) RETURNING "id"  [["name", "DMSE"], ["role_department", "D_DMSE Dept Material Science and Engineering"]]
  [1m[36mDepartment Load (0.2ms)[0m  [1mSELECT  "departments".* FROM "departments"  WHERE "departments"."name" = 'EECS' AND "departments"."role_department" = 'D_EECS Electrical Engineering & Computer Science' LIMIT 1[0m
  [1m[35mSQL (0.2ms)[0m  INSERT INTO "departments" ("name", "role_department") VALUES ($1, $2) RETURNING "id"  [["name", "EECS"], ["role_department", "D_EECS Electrical Engineering & Computer Science"]]
  [1m[36mDepartment Load (0.2ms)[0m  [1mSELECT  "departments".* FROM "departments"  WHERE "departments"."name" = 'Chemical Engineering' AND "departments"."role_department" = 'D_CHEME Chemical Engineering' LIMIT 1[0m
  [1m[35mSQL (0.1ms)[0m  INSERT INTO "departments" ("name", "role_department") VALUES ($1, $2) RETURNING "id"  [["name", "Chemical Engineering"], ["role_department", "D_CHEME Chemical Engineering"]]
  [1m[36mDepartment Load (0.2ms)[0m  [1mSELECT  "departments".* FROM "departments"  WHERE "departments"."name" = 'Aero Astro' AND "departments"."role_department" = 'D_AEROASTRO Aeronautics and Astronautics' LIMIT 1[0m
  [1m[35mSQL (0.1ms)[0m  INSERT INTO "departments" ("name", "role_department") VALUES ($1, $2) RETURNING "id"  [["name", "Aero Astro"], ["role_department", "D_AEROASTRO Aeronautics and Astronautics"]]
  [1m[36mDepartment Load (0.2ms)[0m  [1mSELECT  "departments".* FROM "departments"  WHERE "departments"."name" = 'Nuclear Science and Engineering' AND "departments"."role_department" = 'D_NUCENG Nuclear Science and Engineering' LIMIT 1[0m
  [1m[35mSQL (0.1ms)[0m  INSERT INTO "departments" ("name", "role_department") VALUES ($1, $2) RETURNING "id"  [["name", "Nuclear Science and Engineering"], ["role_department", "D_NUCENG Nuclear Science and Engineering"]]
  [1m[36m (0.3ms)[0m  [1mCOMMIT[0m


Started GET "/home/no_access" for 127.0.0.1 at 2014-11-18 13:43:56 -0500
Processing by HomeController#no_access as HTML
  Rendered home/no_access.html.erb within layouts/application (0.0ms)
Completed 200 OK in 28ms (Views: 27.3ms | ActiveRecord: 0.0ms)


Started GET "/assets/application.css?body=1" for 127.0.0.1 at 2014-11-18 13:43:56 -0500


Started GET "/assets/turbolinks.js?body=1" for 127.0.0.1 at 2014-11-18 13:43:56 -0500


Started GET "/assets/jquery_ujs.js?body=1" for 127.0.0.1 at 2014-11-18 13:43:56 -0500


Started GET "/assets/application.js?body=1" for 127.0.0.1 at 2014-11-18 13:43:56 -0500


Started GET "/assets/jquery.js?body=1" for 127.0.0.1 at 2014-11-18 13:43:56 -0500


Started GET "/" for 127.0.0.1 at 2014-11-18 13:43:59 -0500
Processing by HomeController#index as HTML
Redirected to http://localhost:9292/home/no_access
Completed 302 Found in 2ms (ActiveRecord: 0.0ms)


Started GET "/home/no_access" for 127.0.0.1 at 2014-11-18 13:43:59 -0500
Processing by HomeController#no_access as HTML
  Rendered home/no_access.html.erb within layouts/application (0.1ms)
Completed 200 OK in 56ms (Views: 55.1ms | ActiveRecord: 0.0ms)


Started GET "/assets/application.css?body=1" for 127.0.0.1 at 2014-11-18 13:43:59 -0500


Started GET "/assets/jquery.js?body=1" for 127.0.0.1 at 2014-11-18 13:43:59 -0500


Started GET "/assets/application.js?body=1" for 127.0.0.1 at 2014-11-18 13:43:59 -0500


Started GET "/assets/jquery_ujs.js?body=1" for 127.0.0.1 at 2014-11-18 13:43:59 -0500


Started GET "/assets/turbolinks.js?body=1" for 127.0.0.1 at 2014-11-18 13:43:59 -0500
  [1m[36mDepartment Load (0.7ms)[0m  [1mSELECT "departments".* FROM "departments"[0m


Started GET "/home/no_access" for 127.0.0.1 at 2014-11-18 13:44:29 -0500
  [1m[36mActiveRecord::SchemaMigration Load (0.8ms)[0m  [1mSELECT "schema_migrations".* FROM "schema_migrations"[0m
Processing by HomeController#no_access as HTML
  Rendered home/no_access.html.erb within layouts/application (1.0ms)
Completed 200 OK in 86ms (Views: 77.8ms | ActiveRecord: 0.0ms)


Started GET "/assets/application.css?body=1" for 127.0.0.1 at 2014-11-18 13:44:30 -0500


Started GET "/assets/jquery_ujs.js?body=1" for 127.0.0.1 at 2014-11-18 13:44:30 -0500


Started GET "/assets/jquery.js?body=1" for 127.0.0.1 at 2014-11-18 13:44:30 -0500


Started GET "/assets/turbolinks.js?body=1" for 127.0.0.1 at 2014-11-18 13:44:30 -0500


Started GET "/assets/application.js?body=1" for 127.0.0.1 at 2014-11-18 13:44:30 -0500


Started GET "/" for 127.0.0.1 at 2014-11-18 13:44:32 -0500
Processing by HomeController#index as HTML
Redirected to http://localhost:9292/home/no_access
Completed 302 Found in 3ms (ActiveRecord: 0.0ms)


Started GET "/home/no_access" for 127.0.0.1 at 2014-11-18 13:44:32 -0500
Processing by HomeController#no_access as HTML
  Rendered home/no_access.html.erb within layouts/application (0.1ms)
Completed 200 OK in 28ms (Views: 27.3ms | ActiveRecord: 0.0ms)


Started GET "/assets/jquery.js?body=1" for 127.0.0.1 at 2014-11-18 13:44:32 -0500


Started GET "/assets/jquery_ujs.js?body=1" for 127.0.0.1 at 2014-11-18 13:44:32 -0500


Started GET "/assets/application.css?body=1" for 127.0.0.1 at 2014-11-18 13:44:32 -0500


Started GET "/assets/turbolinks.js?body=1" for 127.0.0.1 at 2014-11-18 13:44:32 -0500


Started GET "/assets/application.js?body=1" for 127.0.0.1 at 2014-11-18 13:44:32 -0500


Started GET "/home" for 127.0.0.1 at 2014-11-18 13:45:00 -0500

ActionController::RoutingError (No route matches [GET] "/home"):
  actionpack (4.1.1) lib/action_dispatch/middleware/debug_exceptions.rb:21:in `call'
  actionpack (4.1.1) lib/action_dispatch/middleware/show_exceptions.rb:30:in `call'
  railties (4.1.1) lib/rails/rack/logger.rb:38:in `call_app'
  railties (4.1.1) lib/rails/rack/logger.rb:20:in `block in call'
  activesupport (4.1.1) lib/active_support/tagged_logging.rb:68:in `block in tagged'
  activesupport (4.1.1) lib/active_support/tagged_logging.rb:26:in `tagged'
  activesupport (4.1.1) lib/active_support/tagged_logging.rb:68:in `tagged'
  railties (4.1.1) lib/rails/rack/logger.rb:20:in `call'
  actionpack (4.1.1) lib/action_dispatch/middleware/request_id.rb:21:in `call'
  rack (1.5.2) lib/rack/methodoverride.rb:21:in `call'
  rack (1.5.2) lib/rack/runtime.rb:17:in `call'
  activesupport (4.1.1) lib/active_support/cache/strategy/local_cache_middleware.rb:26:in `call'
  rack (1.5.2) lib/rack/lock.rb:17:in `call'
  actionpack (4.1.1) lib/action_dispatch/middleware/static.rb:64:in `call'
  rack (1.5.2) lib/rack/sendfile.rb:112:in `call'
  railties (4.1.1) lib/rails/engine.rb:514:in `call'
  railties (4.1.1) lib/rails/application.rb:144:in `call'
  rack (1.5.2) lib/rack/lint.rb:49:in `_call'
  rack (1.5.2) lib/rack/lint.rb:37:in `call'
  rack (1.5.2) lib/rack/showexceptions.rb:24:in `call'
  rack (1.5.2) lib/rack/commonlogger.rb:33:in `call'
  rack (1.5.2) lib/rack/chunked.rb:43:in `call'
  rack (1.5.2) lib/rack/content_length.rb:14:in `call'
  rack (1.5.2) lib/rack/handler/webrick.rb:60:in `service'
  /Users/foyc/.rbenv/versions/2.1.2/lib/ruby/2.1.0/webrick/httpserver.rb:138:in `service'
  /Users/foyc/.rbenv/versions/2.1.2/lib/ruby/2.1.0/webrick/httpserver.rb:94:in `run'
  /Users/foyc/.rbenv/versions/2.1.2/lib/ruby/2.1.0/webrick/server.rb:295:in `block in start_thread'


  Rendered /Users/foyc/.rbenv/versions/2.1.2/lib/ruby/gems/2.1.0/gems/actionpack-4.1.1/lib/action_dispatch/middleware/templates/rescues/_trace.html.erb (2.9ms)
  Rendered /Users/foyc/.rbenv/versions/2.1.2/lib/ruby/gems/2.1.0/gems/actionpack-4.1.1/lib/action_dispatch/middleware/templates/routes/_route.html.erb (1.8ms)
  Rendered /Users/foyc/.rbenv/versions/2.1.2/lib/ruby/gems/2.1.0/gems/actionpack-4.1.1/lib/action_dispatch/middleware/templates/routes/_table.html.erb (5.4ms)
  Rendered /Users/foyc/.rbenv/versions/2.1.2/lib/ruby/gems/2.1.0/gems/actionpack-4.1.1/lib/action_dispatch/middleware/templates/rescues/routing_error.html.erb within rescues/layout (40.0ms)


Started GET "/" for 127.0.0.1 at 2014-11-18 13:45:06 -0500
Processing by HomeController#index as HTML
  [1m[35mDepartment Load (2.6ms)[0m  SELECT  "departments".* FROM "departments"  WHERE "departments"."role_department" = 'D_MECHE Mechanical Engineering' LIMIT 1
  [1m[36mDepartment Load (0.6ms)[0m  [1mSELECT  "departments".* FROM "departments"  WHERE "departments"."role_department" = 'D_NUCENG Nuclear Science and Engineering' LIMIT 1[0m
  [1m[35mDepartment Load (1.3ms)[0m  SELECT  "departments".* FROM "departments"  WHERE "departments"."role_department" = 'D_CHEME Chemical Engineering' LIMIT 1
  [1m[36mDepartment Load (1.3ms)[0m  [1mSELECT  "departments".* FROM "departments"  WHERE "departments"."role_department" = 'D_DMSE Dept Material Science and Engineering' LIMIT 1[0m
  [1m[35mDepartment Load (1.4ms)[0m  SELECT  "departments".* FROM "departments"  WHERE "departments"."role_department" = 'D_CEE Civil & Environmental Engineering' LIMIT 1
  [1m[36mDepartment Load (1.1ms)[0m  [1mSELECT  "departments".* FROM "departments"  WHERE "departments"."role_department" = 'D_EECS Electrical Engineering & Computer Science' LIMIT 1[0m
  [1m[35mDepartment Load (1.4ms)[0m  SELECT  "departments".* FROM "departments"  WHERE "departments"."role_department" = 'D_AEROASTRO Aeronautics and Astronautics' LIMIT 1
  Rendered home/index.html.erb within layouts/application (3.4ms)
Completed 200 OK in 82ms (Views: 41.7ms | ActiveRecord: 15.5ms)


Started GET "/assets/application.css?body=1" for 127.0.0.1 at 2014-11-18 13:45:06 -0500


Started GET "/assets/jquery.js?body=1" for 127.0.0.1 at 2014-11-18 13:45:06 -0500


Started GET "/assets/turbolinks.js?body=1" for 127.0.0.1 at 2014-11-18 13:45:06 -0500


Started GET "/assets/jquery_ujs.js?body=1" for 127.0.0.1 at 2014-11-18 13:45:06 -0500


Started GET "/assets/application.js?body=1" for 127.0.0.1 at 2014-11-18 13:45:06 -0500


Started GET "/home" for 127.0.0.1 at 2014-11-18 13:45:45 -0500
Processing by HomeController#index as HTML
  [1m[36mDepartment Load (0.5ms)[0m  [1mSELECT  "departments".* FROM "departments"  WHERE "departments"."role_department" = 'D_MECHE Mechanical Engineering' LIMIT 1[0m
  [1m[35mDepartment Load (0.6ms)[0m  SELECT  "departments".* FROM "departments"  WHERE "departments"."role_department" = 'D_NUCENG Nuclear Science and Engineering' LIMIT 1
  [1m[36mDepartment Load (0.6ms)[0m  [1mSELECT  "departments".* FROM "departments"  WHERE "departments"."role_department" = 'D_CHEME Chemical Engineering' LIMIT 1[0m
  [1m[35mDepartment Load (0.7ms)[0m  SELECT  "departments".* FROM "departments"  WHERE "departments"."role_department" = 'D_DMSE Dept Material Science and Engineering' LIMIT 1
  [1m[36mDepartment Load (0.3ms)[0m  [1mSELECT  "departments".* FROM "departments"  WHERE "departments"."role_department" = 'D_CEE Civil & Environmental Engineering' LIMIT 1[0m
  [1m[35mDepartment Load (0.2ms)[0m  SELECT  "departments".* FROM "departments"  WHERE "departments"."role_department" = 'D_EECS Electrical Engineering & Computer Science' LIMIT 1
  [1m[36mDepartment Load (0.2ms)[0m  [1mSELECT  "departments".* FROM "departments"  WHERE "departments"."role_department" = 'D_AEROASTRO Aeronautics and Astronautics' LIMIT 1[0m
  Rendered home/index.html.erb within layouts/application (1.5ms)
Completed 200 OK in 61ms (Views: 43.2ms | ActiveRecord: 7.3ms)


Started GET "/assets/application.css?body=1" for 127.0.0.1 at 2014-11-18 13:45:45 -0500


Started GET "/assets/turbolinks.js?body=1" for 127.0.0.1 at 2014-11-18 13:45:45 -0500


Started GET "/assets/jquery.js?body=1" for 127.0.0.1 at 2014-11-18 13:45:45 -0500


Started GET "/assets/jquery_ujs.js?body=1" for 127.0.0.1 at 2014-11-18 13:45:45 -0500


Started GET "/assets/application.js?body=1" for 127.0.0.1 at 2014-11-18 13:45:45 -0500


Started GET "/home/no_access" for 127.0.0.1 at 2014-11-18 13:45:58 -0500
Processing by HomeController#no_access as HTML
  Rendered home/no_access.html.erb within layouts/application (0.2ms)
Completed 200 OK in 61ms (Views: 58.9ms | ActiveRecord: 0.0ms)


Started GET "/assets/application.css?body=1" for 127.0.0.1 at 2014-11-18 13:45:58 -0500


Started GET "/assets/turbolinks.js?body=1" for 127.0.0.1 at 2014-11-18 13:45:58 -0500


Started GET "/assets/jquery.js?body=1" for 127.0.0.1 at 2014-11-18 13:45:58 -0500


Started GET "/assets/application.js?body=1" for 127.0.0.1 at 2014-11-18 13:45:58 -0500


Started GET "/assets/jquery_ujs.js?body=1" for 127.0.0.1 at 2014-11-18 13:45:58 -0500


Started GET "/home/no_access" for 127.0.0.1 at 2014-11-18 13:46:06 -0500
Processing by HomeController#no_access as HTML
  Rendered home/no_access.html.erb within layouts/application (0.1ms)
Completed 200 OK in 45ms (Views: 44.1ms | ActiveRecord: 0.0ms)


Started GET "/assets/application.css?body=1" for 127.0.0.1 at 2014-11-18 13:46:06 -0500


Started GET "/assets/jquery.js?body=1" for 127.0.0.1 at 2014-11-18 13:46:06 -0500


Started GET "/assets/turbolinks.js?body=1" for 127.0.0.1 at 2014-11-18 13:46:06 -0500


Started GET "/assets/jquery_ujs.js?body=1" for 127.0.0.1 at 2014-11-18 13:46:06 -0500


Started GET "/assets/application.js?body=1" for 127.0.0.1 at 2014-11-18 13:46:06 -0500


Started GET "/home/" for 127.0.0.1 at 2014-11-18 13:53:21 -0500
Processing by HomeController#index as HTML
  [1m[35mDepartment Load (1.0ms)[0m  SELECT  "departments".* FROM "departments"  WHERE "departments"."role_department" = 'D_MECHE Mechanical Engineering' LIMIT 1
  [1m[36mDepartment Load (0.9ms)[0m  [1mSELECT  "departments".* FROM "departments"  WHERE "departments"."role_department" = 'D_NUCENG Nuclear Science and Engineering' LIMIT 1[0m
  [1m[35mDepartment Load (0.4ms)[0m  SELECT  "departments".* FROM "departments"  WHERE "departments"."role_department" = 'D_CHEME Chemical Engineering' LIMIT 1
  [1m[36mDepartment Load (0.2ms)[0m  [1mSELECT  "departments".* FROM "departments"  WHERE "departments"."role_department" = 'D_DMSE Dept Material Science and Engineering' LIMIT 1[0m
  [1m[35mDepartment Load (0.2ms)[0m  SELECT  "departments".* FROM "departments"  WHERE "departments"."role_department" = 'D_CEE Civil & Environmental Engineering' LIMIT 1
  [1m[36mDepartment Load (0.2ms)[0m  [1mSELECT  "departments".* FROM "departments"  WHERE "departments"."role_department" = 'D_EECS Electrical Engineering & Computer Science' LIMIT 1[0m
  [1m[35mDepartment Load (0.2ms)[0m  SELECT  "departments".* FROM "departments"  WHERE "departments"."role_department" = 'D_AEROASTRO Aeronautics and Astronautics' LIMIT 1
  Rendered home/index.html.erb within layouts/application (1.3ms)
Completed 200 OK in 75ms (Views: 59.1ms | ActiveRecord: 5.7ms)


Started GET "/assets/application.css?body=1" for 127.0.0.1 at 2014-11-18 13:53:22 -0500


Started GET "/assets/turbolinks.js?body=1" for 127.0.0.1 at 2014-11-18 13:53:22 -0500


Started GET "/assets/application.js?body=1" for 127.0.0.1 at 2014-11-18 13:53:22 -0500


Started GET "/assets/jquery.js?body=1" for 127.0.0.1 at 2014-11-18 13:53:22 -0500


Started GET "/assets/jquery_ujs.js?body=1" for 127.0.0.1 at 2014-11-18 13:53:22 -0500


Started GET "/home/" for 127.0.0.1 at 2014-11-18 13:58:47 -0500
Processing by HomeController#index as HTML
  [1m[36mDepartment Load (0.3ms)[0m  [1mSELECT  "departments".* FROM "departments"  WHERE "departments"."role_department" = 'D_MECHE Mechanical Engineering' LIMIT 1[0m
  [1m[35mDepartment Load (0.2ms)[0m  SELECT  "departments".* FROM "departments"  WHERE "departments"."role_department" = 'D_NUCENG Nuclear Science and Engineering' LIMIT 1
  [1m[36mDepartment Load (0.2ms)[0m  [1mSELECT  "departments".* FROM "departments"  WHERE "departments"."role_department" = 'D_CHEME Chemical Engineering' LIMIT 1[0m
  [1m[35mDepartment Load (0.2ms)[0m  SELECT  "departments".* FROM "departments"  WHERE "departments"."role_department" = 'D_DMSE Dept Material Science and Engineering' LIMIT 1
  [1m[36mDepartment Load (0.2ms)[0m  [1mSELECT  "departments".* FROM "departments"  WHERE "departments"."role_department" = 'D_CEE Civil & Environmental Engineering' LIMIT 1[0m
  [1m[35mDepartment Load (0.2ms)[0m  SELECT  "departments".* FROM "departments"  WHERE "departments"."role_department" = 'D_EECS Electrical Engineering & Computer Science' LIMIT 1
  [1m[36mDepartment Load (0.3ms)[0m  [1mSELECT  "departments".* FROM "departments"  WHERE "departments"."role_department" = 'D_AEROASTRO Aeronautics and Astronautics' LIMIT 1[0m
  Rendered home/index.html.erb within layouts/application (1.4ms)
Completed 200 OK in 39ms (Views: 35.1ms | ActiveRecord: 1.5ms)


Started GET "/assets/application.css?body=1" for 127.0.0.1 at 2014-11-18 13:58:47 -0500


Started GET "/assets/jquery.js?body=1" for 127.0.0.1 at 2014-11-18 13:58:47 -0500


Started GET "/assets/jquery_ujs.js?body=1" for 127.0.0.1 at 2014-11-18 13:58:47 -0500


Started GET "/assets/turbolinks.js?body=1" for 127.0.0.1 at 2014-11-18 13:58:47 -0500


Started GET "/assets/application.js?body=1" for 127.0.0.1 at 2014-11-18 13:58:47 -0500


Started GET "/home/" for 127.0.0.1 at 2014-11-18 13:58:58 -0500
Processing by HomeController#index as HTML
  [1m[35mDepartment Load (0.4ms)[0m  SELECT  "departments".* FROM "departments"  WHERE "departments"."role_department" = 'D_MECHE Mechanical Engineering' LIMIT 1
  [1m[36mDepartment Load (1.2ms)[0m  [1mSELECT  "departments".* FROM "departments"  WHERE "departments"."role_department" = 'D_NUCENG Nuclear Science and Engineering' LIMIT 1[0m
  [1m[35mDepartment Load (1.0ms)[0m  SELECT  "departments".* FROM "departments"  WHERE "departments"."role_department" = 'D_CHEME Chemical Engineering' LIMIT 1
  [1m[36mDepartment Load (0.9ms)[0m  [1mSELECT  "departments".* FROM "departments"  WHERE "departments"."role_department" = 'D_DMSE Dept Material Science and Engineering' LIMIT 1[0m
  [1m[35mDepartment Load (1.1ms)[0m  SELECT  "departments".* FROM "departments"  WHERE "departments"."role_department" = 'D_CEE Civil & Environmental Engineering' LIMIT 1
  [1m[36mDepartment Load (0.4ms)[0m  [1mSELECT  "departments".* FROM "departments"  WHERE "departments"."role_department" = 'D_EECS Electrical Engineering & Computer Science' LIMIT 1[0m
  [1m[35mDepartment Load (1.0ms)[0m  SELECT  "departments".* FROM "departments"  WHERE "departments"."role_department" = 'D_AEROASTRO Aeronautics and Astronautics' LIMIT 1
  Rendered home/index.html.erb within layouts/application (2.0ms)
Completed 200 OK in 61ms (Views: 47.4ms | ActiveRecord: 5.9ms)


Started GET "/assets/application.css?body=1" for 127.0.0.1 at 2014-11-18 13:58:59 -0500


Started GET "/assets/jquery.js?body=1" for 127.0.0.1 at 2014-11-18 13:58:59 -0500


Started GET "/assets/turbolinks.js?body=1" for 127.0.0.1 at 2014-11-18 13:58:59 -0500


Started GET "/assets/application.js?body=1" for 127.0.0.1 at 2014-11-18 13:58:59 -0500


Started GET "/assets/jquery_ujs.js?body=1" for 127.0.0.1 at 2014-11-18 13:58:59 -0500


Started GET "/departments/4" for 127.0.0.1 at 2014-11-18 13:59:49 -0500
Processing by DepartmentsController#show as HTML
  Parameters: {"id"=>"4"}
  Rendered departments/show.html.erb within layouts/application (0.3ms)
Completed 200 OK in 31ms (Views: 30.8ms | ActiveRecord: 0.0ms)


Started GET "/departments/5" for 127.0.0.1 at 2014-11-18 13:59:51 -0500
Processing by DepartmentsController#show as HTML
  Parameters: {"id"=>"5"}
  Rendered departments/show.html.erb within layouts/application (0.0ms)
Completed 200 OK in 31ms (Views: 30.8ms | ActiveRecord: 0.0ms)


Started GET "/departments/show/1" for 127.0.0.1 at 2014-11-18 14:00:03 -0500

ActionController::RoutingError (No route matches [GET] "/departments/show/1"):
  actionpack (4.1.1) lib/action_dispatch/middleware/debug_exceptions.rb:21:in `call'
  actionpack (4.1.1) lib/action_dispatch/middleware/show_exceptions.rb:30:in `call'
  railties (4.1.1) lib/rails/rack/logger.rb:38:in `call_app'
  railties (4.1.1) lib/rails/rack/logger.rb:20:in `block in call'
  activesupport (4.1.1) lib/active_support/tagged_logging.rb:68:in `block in tagged'
  activesupport (4.1.1) lib/active_support/tagged_logging.rb:26:in `tagged'
  activesupport (4.1.1) lib/active_support/tagged_logging.rb:68:in `tagged'
  railties (4.1.1) lib/rails/rack/logger.rb:20:in `call'
  actionpack (4.1.1) lib/action_dispatch/middleware/request_id.rb:21:in `call'
  rack (1.5.2) lib/rack/methodoverride.rb:21:in `call'
  rack (1.5.2) lib/rack/runtime.rb:17:in `call'
  activesupport (4.1.1) lib/active_support/cache/strategy/local_cache_middleware.rb:26:in `call'
  rack (1.5.2) lib/rack/lock.rb:17:in `call'
  actionpack (4.1.1) lib/action_dispatch/middleware/static.rb:64:in `call'
  rack (1.5.2) lib/rack/sendfile.rb:112:in `call'
  railties (4.1.1) lib/rails/engine.rb:514:in `call'
  railties (4.1.1) lib/rails/application.rb:144:in `call'
  rack (1.5.2) lib/rack/lint.rb:49:in `_call'
  rack (1.5.2) lib/rack/lint.rb:37:in `call'
  rack (1.5.2) lib/rack/showexceptions.rb:24:in `call'
  rack (1.5.2) lib/rack/commonlogger.rb:33:in `call'
  rack (1.5.2) lib/rack/chunked.rb:43:in `call'
  rack (1.5.2) lib/rack/content_length.rb:14:in `call'
  rack (1.5.2) lib/rack/handler/webrick.rb:60:in `service'
  /Users/foyc/.rbenv/versions/2.1.2/lib/ruby/2.1.0/webrick/httpserver.rb:138:in `service'
  /Users/foyc/.rbenv/versions/2.1.2/lib/ruby/2.1.0/webrick/httpserver.rb:94:in `run'
  /Users/foyc/.rbenv/versions/2.1.2/lib/ruby/2.1.0/webrick/server.rb:295:in `block in start_thread'


  Rendered /Users/foyc/.rbenv/versions/2.1.2/lib/ruby/gems/2.1.0/gems/actionpack-4.1.1/lib/action_dispatch/middleware/templates/rescues/_trace.html.erb (1.2ms)
  Rendered /Users/foyc/.rbenv/versions/2.1.2/lib/ruby/gems/2.1.0/gems/actionpack-4.1.1/lib/action_dispatch/middleware/templates/routes/_route.html.erb (1.1ms)
  Rendered /Users/foyc/.rbenv/versions/2.1.2/lib/ruby/gems/2.1.0/gems/actionpack-4.1.1/lib/action_dispatch/middleware/templates/routes/_table.html.erb (1.1ms)
  Rendered /Users/foyc/.rbenv/versions/2.1.2/lib/ruby/gems/2.1.0/gems/actionpack-4.1.1/lib/action_dispatch/middleware/templates/rescues/routing_error.html.erb within rescues/layout (18.2ms)


Started GET "/departments/show/1" for 127.0.0.1 at 2014-11-18 14:00:03 -0500

ActionController::RoutingError (No route matches [GET] "/departments/show/1"):
  actionpack (4.1.1) lib/action_dispatch/middleware/debug_exceptions.rb:21:in `call'
  actionpack (4.1.1) lib/action_dispatch/middleware/show_exceptions.rb:30:in `call'
  railties (4.1.1) lib/rails/rack/logger.rb:38:in `call_app'
  railties (4.1.1) lib/rails/rack/logger.rb:20:in `block in call'
  activesupport (4.1.1) lib/active_support/tagged_logging.rb:68:in `block in tagged'
  activesupport (4.1.1) lib/active_support/tagged_logging.rb:26:in `tagged'
  activesupport (4.1.1) lib/active_support/tagged_logging.rb:68:in `tagged'
  railties (4.1.1) lib/rails/rack/logger.rb:20:in `call'
  actionpack (4.1.1) lib/action_dispatch/middleware/request_id.rb:21:in `call'
  rack (1.5.2) lib/rack/methodoverride.rb:21:in `call'
  rack (1.5.2) lib/rack/runtime.rb:17:in `call'
  activesupport (4.1.1) lib/active_support/cache/strategy/local_cache_middleware.rb:26:in `call'
  rack (1.5.2) lib/rack/lock.rb:17:in `call'
  actionpack (4.1.1) lib/action_dispatch/middleware/static.rb:64:in `call'
  rack (1.5.2) lib/rack/sendfile.rb:112:in `call'
  railties (4.1.1) lib/rails/engine.rb:514:in `call'
  railties (4.1.1) lib/rails/application.rb:144:in `call'
  rack (1.5.2) lib/rack/lint.rb:49:in `_call'
  rack (1.5.2) lib/rack/lint.rb:37:in `call'
  rack (1.5.2) lib/rack/showexceptions.rb:24:in `call'
  rack (1.5.2) lib/rack/commonlogger.rb:33:in `call'
  rack (1.5.2) lib/rack/chunked.rb:43:in `call'
  rack (1.5.2) lib/rack/content_length.rb:14:in `call'
  rack (1.5.2) lib/rack/handler/webrick.rb:60:in `service'
  /Users/foyc/.rbenv/versions/2.1.2/lib/ruby/2.1.0/webrick/httpserver.rb:138:in `service'
  /Users/foyc/.rbenv/versions/2.1.2/lib/ruby/2.1.0/webrick/httpserver.rb:94:in `run'
  /Users/foyc/.rbenv/versions/2.1.2/lib/ruby/2.1.0/webrick/server.rb:295:in `block in start_thread'


  Rendered /Users/foyc/.rbenv/versions/2.1.2/lib/ruby/gems/2.1.0/gems/actionpack-4.1.1/lib/action_dispatch/middleware/templates/rescues/_trace.html.erb (2.0ms)
  Rendered /Users/foyc/.rbenv/versions/2.1.2/lib/ruby/gems/2.1.0/gems/actionpack-4.1.1/lib/action_dispatch/middleware/templates/routes/_route.html.erb (1.5ms)
  Rendered /Users/foyc/.rbenv/versions/2.1.2/lib/ruby/gems/2.1.0/gems/actionpack-4.1.1/lib/action_dispatch/middleware/templates/routes/_table.html.erb (2.2ms)
  Rendered /Users/foyc/.rbenv/versions/2.1.2/lib/ruby/gems/2.1.0/gems/actionpack-4.1.1/lib/action_dispatch/middleware/templates/rescues/routing_error.html.erb within rescues/layout (25.2ms)


Started GET "/" for 127.0.0.1 at 2014-11-18 14:00:05 -0500
Processing by HomeController#index as HTML
  [1m[36mDepartment Load (0.3ms)[0m  [1mSELECT  "departments".* FROM "departments"  WHERE "departments"."role_department" = 'D_MECHE Mechanical Engineering' LIMIT 1[0m
  [1m[35mDepartment Load (0.2ms)[0m  SELECT  "departments".* FROM "departments"  WHERE "departments"."role_department" = 'D_NUCENG Nuclear Science and Engineering' LIMIT 1
  [1m[36mDepartment Load (0.2ms)[0m  [1mSELECT  "departments".* FROM "departments"  WHERE "departments"."role_department" = 'D_CHEME Chemical Engineering' LIMIT 1[0m
  [1m[35mDepartment Load (0.2ms)[0m  SELECT  "departments".* FROM "departments"  WHERE "departments"."role_department" = 'D_DMSE Dept Material Science and Engineering' LIMIT 1
  [1m[36mDepartment Load (0.2ms)[0m  [1mSELECT  "departments".* FROM "departments"  WHERE "departments"."role_department" = 'D_CEE Civil & Environmental Engineering' LIMIT 1[0m
  [1m[35mDepartment Load (0.2ms)[0m  SELECT  "departments".* FROM "departments"  WHERE "departments"."role_department" = 'D_EECS Electrical Engineering & Computer Science' LIMIT 1
  [1m[36mDepartment Load (0.2ms)[0m  [1mSELECT  "departments".* FROM "departments"  WHERE "departments"."role_department" = 'D_AEROASTRO Aeronautics and Astronautics' LIMIT 1[0m
  Rendered home/index.html.erb within layouts/application (0.6ms)
Completed 200 OK in 32ms (Views: 27.3ms | ActiveRecord: 1.6ms)


Started GET "/assets/application.css?body=1" for 127.0.0.1 at 2014-11-18 14:00:05 -0500


Started GET "/assets/application.js?body=1" for 127.0.0.1 at 2014-11-18 14:00:05 -0500


Started GET "/assets/turbolinks.js?body=1" for 127.0.0.1 at 2014-11-18 14:00:05 -0500


Started GET "/assets/jquery_ujs.js?body=1" for 127.0.0.1 at 2014-11-18 14:00:05 -0500


Started GET "/assets/jquery.js?body=1" for 127.0.0.1 at 2014-11-18 14:00:05 -0500
  [1m[36mActiveRecord::SchemaMigration Load (0.4ms)[0m  [1mSELECT "schema_migrations".* FROM "schema_migrations"[0m
Migrating to AddCourse (20141118191650)
  [1m[36mActiveRecord::SchemaMigration Load (0.4ms)[0m  [1mSELECT "schema_migrations".* FROM "schema_migrations"[0m
Migrating to AddCourse (20141118191650)
  [1m[35m (0.1ms)[0m  BEGIN
  [1m[36m (0.1ms)[0m  [1mROLLBACK[0m
  [1m[36mActiveRecord::SchemaMigration Load (0.4ms)[0m  [1mSELECT "schema_migrations".* FROM "schema_migrations"[0m
Migrating to AddCourse (20141118191650)
  [1m[35m (0.1ms)[0m  BEGIN
  [1m[36m (7.7ms)[0m  [1mCREATE TABLE "courses" ("id" serial primary key, "course_number" character varying(255), "course_name" character varying(255), "department_id" integer) [0m
  [1m[35mSQL (0.2ms)[0m  INSERT INTO "schema_migrations" ("version") VALUES ($1)  [["version", "20141118191650"]]
  [1m[36m (0.7ms)[0m  [1mCOMMIT[0m
  [1m[35mActiveRecord::SchemaMigration Load (0.2ms)[0m  SELECT "schema_migrations".* FROM "schema_migrations"
  [1m[36m (117.7ms)[0m  [1mDROP DATABASE IF EXISTS "abet_test"[0m
  [1m[35m (372.6ms)[0m  CREATE DATABASE "abet_test" ENCODING = 'unicode'
  [1m[36mSQL (0.3ms)[0m  [1mCREATE EXTENSION IF NOT EXISTS "plpgsql"[0m
  [1m[35m (6.3ms)[0m  CREATE TABLE "courses" ("id" serial primary key, "course_number" character varying(255), "course_name" character varying(255), "department_id" integer) 
  [1m[36m (4.2ms)[0m  [1mCREATE TABLE "departments" ("id" serial primary key, "name" character varying(255), "role_department" character varying(255)) [0m
  [1m[35m (1.0ms)[0m  CREATE TABLE "schema_migrations" ("version" character varying(255) NOT NULL) 
  [1m[36m (1.3ms)[0m  [1mCREATE UNIQUE INDEX  "unique_schema_migrations" ON "schema_migrations"  ("version")[0m
  [1m[35m (0.3ms)[0m  SELECT version FROM "schema_migrations"
  [1m[36m (0.5ms)[0m  [1mINSERT INTO "schema_migrations" (version) VALUES ('20141118191650')[0m
  [1m[35m (0.4ms)[0m  INSERT INTO "schema_migrations" (version) VALUES ('20141118164442')
  [1m[36mActiveRecord::SchemaMigration Load (0.4ms)[0m  [1mSELECT "schema_migrations".* FROM "schema_migrations"[0m
  [1m[36mActiveRecord::SchemaMigration Load (0.5ms)[0m  [1mSELECT "schema_migrations".* FROM "schema_migrations"[0m
  [1m[35m (0.1ms)[0m  BEGIN
  [1m[36mDepartment Load (0.7ms)[0m  [1mSELECT  "departments".* FROM "departments"  WHERE "departments"."name" = 'Civil and Environmental Engineering' AND "departments"."role_department" = 'D_CEE Civil & Environmental Engineering' LIMIT 1[0m
  [1m[35mDepartment Load (0.2ms)[0m  SELECT  "departments".* FROM "departments"  WHERE "departments"."name" = 'Mechanical Engineering' AND "departments"."role_department" = 'D_MECHE Mechanical Engineering' LIMIT 1
  [1m[36mDepartment Load (0.4ms)[0m  [1mSELECT  "departments".* FROM "departments"  WHERE "departments"."name" = 'DMSE' AND "departments"."role_department" = 'D_DMSE Dept Material Science and Engineering' LIMIT 1[0m
  [1m[35mDepartment Load (0.3ms)[0m  SELECT  "departments".* FROM "departments"  WHERE "departments"."name" = 'EECS' AND "departments"."role_department" = 'D_EECS Electrical Engineering & Computer Science' LIMIT 1
  [1m[36mDepartment Load (0.3ms)[0m  [1mSELECT  "departments".* FROM "departments"  WHERE "departments"."name" = 'Chemical Engineering' AND "departments"."role_department" = 'D_CHEME Chemical Engineering' LIMIT 1[0m
  [1m[35mDepartment Load (0.2ms)[0m  SELECT  "departments".* FROM "departments"  WHERE "departments"."name" = 'Aero Astro' AND "departments"."role_department" = 'D_AEROASTRO Aeronautics and Astronautics' LIMIT 1
  [1m[36mDepartment Load (0.2ms)[0m  [1mSELECT  "departments".* FROM "departments"  WHERE "departments"."name" = 'Nuclear Science and Engineering' AND "departments"."role_department" = 'D_NUCENG Nuclear Science and Engineering' LIMIT 1[0m
  [1m[35m (0.1ms)[0m  ROLLBACK
  [1m[36mActiveRecord::SchemaMigration Load (0.4ms)[0m  [1mSELECT "schema_migrations".* FROM "schema_migrations"[0m
  [1m[35m (0.2ms)[0m  BEGIN
  [1m[36mDepartment Load (0.7ms)[0m  [1mSELECT  "departments".* FROM "departments"  WHERE "departments"."name" = 'Civil and Environmental Engineering' AND "departments"."role_department" = 'D_CEE Civil & Environmental Engineering' LIMIT 1[0m
  [1m[35mDepartment Load (0.2ms)[0m  SELECT  "departments".* FROM "departments"  WHERE "departments"."name" = 'Mechanical Engineering' AND "departments"."role_department" = 'D_MECHE Mechanical Engineering' LIMIT 1
  [1m[36mDepartment Load (0.4ms)[0m  [1mSELECT  "departments".* FROM "departments"  WHERE "departments"."name" = 'DMSE' AND "departments"."role_department" = 'D_DMSE Dept Material Science and Engineering' LIMIT 1[0m
  [1m[35mDepartment Load (0.3ms)[0m  SELECT  "departments".* FROM "departments"  WHERE "departments"."name" = 'EECS' AND "departments"."role_department" = 'D_EECS Electrical Engineering & Computer Science' LIMIT 1
  [1m[36mDepartment Load (0.3ms)[0m  [1mSELECT  "departments".* FROM "departments"  WHERE "departments"."name" = 'Chemical Engineering' AND "departments"."role_department" = 'D_CHEME Chemical Engineering' LIMIT 1[0m
  [1m[35mDepartment Load (0.2ms)[0m  SELECT  "departments".* FROM "departments"  WHERE "departments"."name" = 'Aero Astro' AND "departments"."role_department" = 'D_AEROASTRO Aeronautics and Astronautics' LIMIT 1
  [1m[36mDepartment Load (0.2ms)[0m  [1mSELECT  "departments".* FROM "departments"  WHERE "departments"."name" = 'Nuclear Science and Engineering' AND "departments"."role_department" = 'D_NUCENG Nuclear Science and Engineering' LIMIT 1[0m
  [1m[35m (0.1ms)[0m  ROLLBACK
  [1m[36mActiveRecord::SchemaMigration Load (0.4ms)[0m  [1mSELECT "schema_migrations".* FROM "schema_migrations"[0m
  [1m[35m (0.1ms)[0m  BEGIN
  [1m[36mDepartment Load (0.7ms)[0m  [1mSELECT  "departments".* FROM "departments"  WHERE "departments"."name" = 'Civil and Environmental Engineering' AND "departments"."role_department" = 'D_CEE Civil & Environmental Engineering' LIMIT 1[0m
  [1m[35mDepartment Load (0.2ms)[0m  SELECT  "departments".* FROM "departments"  WHERE "departments"."name" = 'Mechanical Engineering' AND "departments"."role_department" = 'D_MECHE Mechanical Engineering' LIMIT 1
  [1m[36mDepartment Load (0.2ms)[0m  [1mSELECT  "departments".* FROM "departments"  WHERE "departments"."name" = 'DMSE' AND "departments"."role_department" = 'D_DMSE Dept Material Science and Engineering' LIMIT 1[0m
  [1m[35mDepartment Load (0.2ms)[0m  SELECT  "departments".* FROM "departments"  WHERE "departments"."name" = 'EECS' AND "departments"."role_department" = 'D_EECS Electrical Engineering & Computer Science' LIMIT 1
  [1m[36mDepartment Load (0.2ms)[0m  [1mSELECT  "departments".* FROM "departments"  WHERE "departments"."name" = 'Chemical Engineering' AND "departments"."role_department" = 'D_CHEME Chemical Engineering' LIMIT 1[0m
  [1m[35mDepartment Load (0.2ms)[0m  SELECT  "departments".* FROM "departments"  WHERE "departments"."name" = 'Aero Astro' AND "departments"."role_department" = 'D_AEROASTRO Aeronautics and Astronautics' LIMIT 1
  [1m[36mDepartment Load (0.2ms)[0m  [1mSELECT  "departments".* FROM "departments"  WHERE "departments"."name" = 'Nuclear Science and Engineering' AND "departments"."role_department" = 'D_NUCENG Nuclear Science and Engineering' LIMIT 1[0m
  [1m[35mDepartment Load (0.2ms)[0m  SELECT  "departments".* FROM "departments"  WHERE "departments"."name" = 'Civil and Environmental Engineering' LIMIT 1
  [1m[36mCourse Load (0.5ms)[0m  [1mSELECT  "courses".* FROM "courses"  WHERE "courses"."course_number" = '1-C' AND "courses"."course_name" = 'Civil Engineering' AND "courses"."department_id" = 3 LIMIT 1[0m
  [1m[35mSQL (0.7ms)[0m  INSERT INTO "courses" ("course_name", "course_number", "department_id") VALUES ($1, $2, $3) RETURNING "id"  [["course_name", "Civil Engineering"], ["course_number", "1-C"], ["department_id", 3]]
  [1m[36mDepartment Load (0.3ms)[0m  [1mSELECT  "departments".* FROM "departments"  WHERE "departments"."name" = 'Civil and Environmental Engineering' LIMIT 1[0m
  [1m[35mCourse Load (0.3ms)[0m  SELECT  "courses".* FROM "courses"  WHERE "courses"."course_number" = '1-E' AND "courses"."course_name" = 'Environmental Engineering' AND "courses"."department_id" = 3 LIMIT 1
  [1m[36mSQL (0.2ms)[0m  [1mINSERT INTO "courses" ("course_name", "course_number", "department_id") VALUES ($1, $2, $3) RETURNING "id"[0m  [["course_name", "Environmental Engineering"], ["course_number", "1-E"], ["department_id", 3]]
  [1m[35mDepartment Load (0.2ms)[0m  SELECT  "departments".* FROM "departments"  WHERE "departments"."name" = 'Civil and Environmental Engineering' LIMIT 1
  [1m[36mCourse Load (0.2ms)[0m  [1mSELECT  "courses".* FROM "courses"  WHERE "courses"."course_number" = '1-ENG' AND "courses"."course_name" = 'CEE Flexible' AND "courses"."department_id" = 3 LIMIT 1[0m
  [1m[35mSQL (0.2ms)[0m  INSERT INTO "courses" ("course_name", "course_number", "department_id") VALUES ($1, $2, $3) RETURNING "id"  [["course_name", "CEE Flexible"], ["course_number", "1-ENG"], ["department_id", 3]]
  [1m[36mDepartment Load (0.2ms)[0m  [1mSELECT  "departments".* FROM "departments"  WHERE "departments"."name" = 'Mechanical Engineering' LIMIT 1[0m
  [1m[35mCourse Load (0.2ms)[0m  SELECT  "courses".* FROM "courses"  WHERE "courses"."course_number" = '2' AND "courses"."course_name" = 'Mechanical Engineering' AND "courses"."department_id" = 4 LIMIT 1
  [1m[36mSQL (0.2ms)[0m  [1mINSERT INTO "courses" ("course_name", "course_number", "department_id") VALUES ($1, $2, $3) RETURNING "id"[0m  [["course_name", "Mechanical Engineering"], ["course_number", "2"], ["department_id", 4]]
  [1m[35mDepartment Load (0.2ms)[0m  SELECT  "departments".* FROM "departments"  WHERE "departments"."name" = 'Mechanical Engineering' LIMIT 1
  [1m[36mCourse Load (0.2ms)[0m  [1mSELECT  "courses".* FROM "courses"  WHERE "courses"."course_number" = '2-A' AND "courses"."course_name" = 'MechE Flexible' AND "courses"."department_id" = 4 LIMIT 1[0m
  [1m[35mSQL (0.2ms)[0m  INSERT INTO "courses" ("course_name", "course_number", "department_id") VALUES ($1, $2, $3) RETURNING "id"  [["course_name", "MechE Flexible"], ["course_number", "2-A"], ["department_id", 4]]
  [1m[36mDepartment Load (0.2ms)[0m  [1mSELECT  "departments".* FROM "departments"  WHERE "departments"."name" = 'Mechanical Engineering' LIMIT 1[0m
  [1m[35mCourse Load (0.2ms)[0m  SELECT  "courses".* FROM "courses"  WHERE "courses"."course_number" = '2-OE' AND "courses"."course_name" = 'Mechanical and Ocean Engineering' AND "courses"."department_id" = 4 LIMIT 1
  [1m[36mSQL (0.2ms)[0m  [1mINSERT INTO "courses" ("course_name", "course_number", "department_id") VALUES ($1, $2, $3) RETURNING "id"[0m  [["course_name", "Mechanical and Ocean Engineering"], ["course_number", "2-OE"], ["department_id", 4]]
  [1m[35mDepartment Load (0.2ms)[0m  SELECT  "departments".* FROM "departments"  WHERE "departments"."name" = 'DMSE' LIMIT 1
  [1m[36mCourse Load (0.2ms)[0m  [1mSELECT  "courses".* FROM "courses"  WHERE "courses"."course_number" = '3' AND "courses"."course_name" = 'Materials Science and Engineering' AND "courses"."department_id" = 5 LIMIT 1[0m
  [1m[35mSQL (0.1ms)[0m  INSERT INTO "courses" ("course_name", "course_number", "department_id") VALUES ($1, $2, $3) RETURNING "id"  [["course_name", "Materials Science and Engineering"], ["course_number", "3"], ["department_id", 5]]
  [1m[36mDepartment Load (0.2ms)[0m  [1mSELECT  "departments".* FROM "departments"  WHERE "departments"."name" = 'EECS' LIMIT 1[0m
  [1m[35mCourse Load (0.2ms)[0m  SELECT  "courses".* FROM "courses"  WHERE "courses"."course_number" = '6-1' AND "courses"."course_name" = 'Electrical Science and Engineering' AND "courses"."department_id" = 6 LIMIT 1
  [1m[36mSQL (0.1ms)[0m  [1mINSERT INTO "courses" ("course_name", "course_number", "department_id") VALUES ($1, $2, $3) RETURNING "id"[0m  [["course_name", "Electrical Science and Engineering"], ["course_number", "6-1"], ["department_id", 6]]
  [1m[35mDepartment Load (0.2ms)[0m  SELECT  "departments".* FROM "departments"  WHERE "departments"."name" = 'EECS' LIMIT 1
  [1m[36mCourse Load (0.2ms)[0m  [1mSELECT  "courses".* FROM "courses"  WHERE "courses"."course_number" = '6-2' AND "courses"."course_name" = 'Electrical Engineering and Computer Science' AND "courses"."department_id" = 6 LIMIT 1[0m
  [1m[35mSQL (0.1ms)[0m  INSERT INTO "courses" ("course_name", "course_number", "department_id") VALUES ($1, $2, $3) RETURNING "id"  [["course_name", "Electrical Engineering and Computer Science"], ["course_number", "6-2"], ["department_id", 6]]
  [1m[36mDepartment Load (0.2ms)[0m  [1mSELECT  "departments".* FROM "departments"  WHERE "departments"."name" = 'EECS' LIMIT 1[0m
  [1m[35mCourse Load (0.2ms)[0m  SELECT  "courses".* FROM "courses"  WHERE "courses"."course_number" = '6-3' AND "courses"."course_name" = 'Computer Science and Engineering' AND "courses"."department_id" = 6 LIMIT 1
  [1m[36mSQL (0.1ms)[0m  [1mINSERT INTO "courses" ("course_name", "course_number", "department_id") VALUES ($1, $2, $3) RETURNING "id"[0m  [["course_name", "Computer Science and Engineering"], ["course_number", "6-3"], ["department_id", 6]]
  [1m[35mDepartment Load (0.2ms)[0m  SELECT  "departments".* FROM "departments"  WHERE "departments"."name" = 'Chemical Engineering' LIMIT 1
  [1m[36mCourse Load (0.2ms)[0m  [1mSELECT  "courses".* FROM "courses"  WHERE "courses"."course_number" = '10' AND "courses"."course_name" = 'Chemical Engineering' AND "courses"."department_id" = 7 LIMIT 1[0m
  [1m[35mSQL (0.1ms)[0m  INSERT INTO "courses" ("course_name", "course_number", "department_id") VALUES ($1, $2, $3) RETURNING "id"  [["course_name", "Chemical Engineering"], ["course_number", "10"], ["department_id", 7]]
  [1m[36mDepartment Load (0.2ms)[0m  [1mSELECT  "departments".* FROM "departments"  WHERE "departments"."name" = 'Chemical Engineering' LIMIT 1[0m
  [1m[35mCourse Load (0.2ms)[0m  SELECT  "courses".* FROM "courses"  WHERE "courses"."course_number" = '10-B' AND "courses"."course_name" = 'Chemical and Biological Engineering' AND "courses"."department_id" = 7 LIMIT 1
  [1m[36mSQL (0.1ms)[0m  [1mINSERT INTO "courses" ("course_name", "course_number", "department_id") VALUES ($1, $2, $3) RETURNING "id"[0m  [["course_name", "Chemical and Biological Engineering"], ["course_number", "10-B"], ["department_id", 7]]
  [1m[35mDepartment Load (0.2ms)[0m  SELECT  "departments".* FROM "departments"  WHERE "departments"."name" = 'Chemical Engineering' LIMIT 1
  [1m[36mCourse Load (0.2ms)[0m  [1mSELECT  "courses".* FROM "courses"  WHERE "courses"."course_number" = '10-ENG' AND "courses"."course_name" = 'ChemE Flexible' AND "courses"."department_id" = 7 LIMIT 1[0m
  [1m[35mSQL (0.1ms)[0m  INSERT INTO "courses" ("course_name", "course_number", "department_id") VALUES ($1, $2, $3) RETURNING "id"  [["course_name", "ChemE Flexible"], ["course_number", "10-ENG"], ["department_id", 7]]
  [1m[36mDepartment Load (0.2ms)[0m  [1mSELECT  "departments".* FROM "departments"  WHERE "departments"."name" = 'Aero Astro' LIMIT 1[0m
  [1m[35mCourse Load (0.2ms)[0m  SELECT  "courses".* FROM "courses"  WHERE "courses"."course_number" = '16' AND "courses"."course_name" = 'Aerospace Engineering' AND "courses"."department_id" = 8 LIMIT 1
  [1m[36mSQL (0.1ms)[0m  [1mINSERT INTO "courses" ("course_name", "course_number", "department_id") VALUES ($1, $2, $3) RETURNING "id"[0m  [["course_name", "Aerospace Engineering"], ["course_number", "16"], ["department_id", 8]]
  [1m[35mDepartment Load (0.2ms)[0m  SELECT  "departments".* FROM "departments"  WHERE "departments"."name" = 'Aero Astro' LIMIT 1
  [1m[36mCourse Load (0.2ms)[0m  [1mSELECT  "courses".* FROM "courses"  WHERE "courses"."course_number" = '16-ENG' AND "courses"."course_name" = 'Aerospace Flexible' AND "courses"."department_id" = 8 LIMIT 1[0m
  [1m[35mSQL (0.1ms)[0m  INSERT INTO "courses" ("course_name", "course_number", "department_id") VALUES ($1, $2, $3) RETURNING "id"  [["course_name", "Aerospace Flexible"], ["course_number", "16-ENG"], ["department_id", 8]]
  [1m[36mDepartment Load (0.2ms)[0m  [1mSELECT  "departments".* FROM "departments"  WHERE "departments"."name" = 'Nuclear Science and Engineering' LIMIT 1[0m
  [1m[35mCourse Load (0.2ms)[0m  SELECT  "courses".* FROM "courses"  WHERE "courses"."course_number" = '22' AND "courses"."course_name" = 'Nuclear Engineering' AND "courses"."department_id" = 9 LIMIT 1
  [1m[36mSQL (0.1ms)[0m  [1mINSERT INTO "courses" ("course_name", "course_number", "department_id") VALUES ($1, $2, $3) RETURNING "id"[0m  [["course_name", "Nuclear Engineering"], ["course_number", "22"], ["department_id", 9]]
  [1m[35m (0.4ms)[0m  COMMIT


Started GET "/departments/4" for 127.0.0.1 at 2014-11-18 14:45:29 -0500
  [1m[35mActiveRecord::SchemaMigration Load (0.2ms)[0m  SELECT "schema_migrations".* FROM "schema_migrations"
Processing by DepartmentsController#show as HTML
  Parameters: {"id"=>"4"}
  [1m[36mDepartment Load (0.9ms)[0m  [1mSELECT  "departments".* FROM "departments"  WHERE "departments"."id" = $1 LIMIT 1[0m  [["id", 4]]
  [1m[35mCourse Load (0.5ms)[0m  SELECT "courses".* FROM "courses"  WHERE "courses"."department_id" = $1  [["department_id", 4]]
  Rendered departments/show.html.erb within layouts/application (12.1ms)
Completed 200 OK in 72ms (Views: 36.7ms | ActiveRecord: 8.1ms)


Started GET "/departments/9" for 127.0.0.1 at 2014-11-18 14:45:33 -0500
Processing by DepartmentsController#show as HTML
  Parameters: {"id"=>"9"}
  [1m[36mDepartment Load (0.5ms)[0m  [1mSELECT  "departments".* FROM "departments"  WHERE "departments"."id" = $1 LIMIT 1[0m  [["id", 9]]
  [1m[35mCourse Load (0.4ms)[0m  SELECT "courses".* FROM "courses"  WHERE "courses"."department_id" = $1  [["department_id", 9]]
  Rendered departments/show.html.erb within layouts/application (7.5ms)
Completed 200 OK in 44ms (Views: 39.8ms | ActiveRecord: 0.9ms)


Started GET "/departments/7" for 127.0.0.1 at 2014-11-18 14:45:34 -0500
Processing by DepartmentsController#show as HTML
  Parameters: {"id"=>"7"}
  [1m[36mDepartment Load (0.3ms)[0m  [1mSELECT  "departments".* FROM "departments"  WHERE "departments"."id" = $1 LIMIT 1[0m  [["id", 7]]
  [1m[35mCourse Load (0.2ms)[0m  SELECT "courses".* FROM "courses"  WHERE "courses"."department_id" = $1  [["department_id", 7]]
  Rendered departments/show.html.erb within layouts/application (0.7ms)
Completed 200 OK in 25ms (Views: 23.3ms | ActiveRecord: 0.5ms)


Started GET "/departments/5" for 127.0.0.1 at 2014-11-18 14:45:36 -0500
Processing by DepartmentsController#show as HTML
  Parameters: {"id"=>"5"}
  [1m[36mDepartment Load (0.3ms)[0m  [1mSELECT  "departments".* FROM "departments"  WHERE "departments"."id" = $1 LIMIT 1[0m  [["id", 5]]
  [1m[35mCourse Load (0.2ms)[0m  SELECT "courses".* FROM "courses"  WHERE "courses"."department_id" = $1  [["department_id", 5]]
  Rendered departments/show.html.erb within layouts/application (0.6ms)
Completed 200 OK in 24ms (Views: 22.3ms | ActiveRecord: 0.5ms)


Started GET "/departments/4" for 127.0.0.1 at 2014-11-18 14:46:52 -0500
Processing by DepartmentsController#show as HTML
  Parameters: {"id"=>"4"}
  [1m[36mDepartment Load (0.3ms)[0m  [1mSELECT  "departments".* FROM "departments"  WHERE "departments"."id" = $1 LIMIT 1[0m  [["id", 4]]
  [1m[35mCourse Load (0.3ms)[0m  SELECT "courses".* FROM "courses"  WHERE "courses"."department_id" = $1  [["department_id", 4]]
  Rendered departments/show.html.erb within layouts/application (0.8ms)
Completed 200 OK in 31ms (Views: 29.0ms | ActiveRecord: 0.5ms)


Started GET "/home/no_access" for 127.0.0.1 at 2014-11-19 07:08:03 -0500
  [1m[36mActiveRecord::SchemaMigration Load (0.5ms)[0m  [1mSELECT "schema_migrations".* FROM "schema_migrations"[0m
Processing by HomeController#no_access as HTML
  Rendered home/no_access.html.erb within layouts/application (2.5ms)
Completed 200 OK in 106ms (Views: 98.2ms | ActiveRecord: 0.0ms)


Started GET "/assets/application.css?body=1" for 127.0.0.1 at 2014-11-19 07:08:04 -0500


Started GET "/assets/jquery.js?body=1" for 127.0.0.1 at 2014-11-19 07:08:04 -0500


Started GET "/assets/jquery_ujs.js?body=1" for 127.0.0.1 at 2014-11-19 07:08:04 -0500


Started GET "/assets/turbolinks.js?body=1" for 127.0.0.1 at 2014-11-19 07:08:04 -0500


Started GET "/assets/application.js?body=1" for 127.0.0.1 at 2014-11-19 07:08:04 -0500


Started GET "/" for 127.0.0.1 at 2014-11-19 07:08:07 -0500
Processing by HomeController#index as HTML
  [1m[35mDepartment Load (3.1ms)[0m  SELECT  "departments".* FROM "departments"  WHERE "departments"."role_department" = 'D_MECHE Mechanical Engineering' LIMIT 1
  [1m[36mDepartment Load (1.1ms)[0m  [1mSELECT  "departments".* FROM "departments"  WHERE "departments"."role_department" = 'D_NUCENG Nuclear Science and Engineering' LIMIT 1[0m
  [1m[35mDepartment Load (0.8ms)[0m  SELECT  "departments".* FROM "departments"  WHERE "departments"."role_department" = 'D_CHEME Chemical Engineering' LIMIT 1
  [1m[36mDepartment Load (0.3ms)[0m  [1mSELECT  "departments".* FROM "departments"  WHERE "departments"."role_department" = 'D_DMSE Dept Material Science and Engineering' LIMIT 1[0m
  [1m[35mDepartment Load (0.4ms)[0m  SELECT  "departments".* FROM "departments"  WHERE "departments"."role_department" = 'D_CEE Civil & Environmental Engineering' LIMIT 1
  [1m[36mDepartment Load (1.0ms)[0m  [1mSELECT  "departments".* FROM "departments"  WHERE "departments"."role_department" = 'D_EECS Electrical Engineering & Computer Science' LIMIT 1[0m
  [1m[35mDepartment Load (1.2ms)[0m  SELECT  "departments".* FROM "departments"  WHERE "departments"."role_department" = 'D_AEROASTRO Aeronautics and Astronautics' LIMIT 1
  Rendered home/index.html.erb within layouts/application (5.7ms)
Completed 200 OK in 83ms (Views: 41.9ms | ActiveRecord: 12.6ms)


Started GET "/assets/application.js?body=1" for 127.0.0.1 at 2014-11-19 07:08:07 -0500


Started GET "/assets/jquery.js?body=1" for 127.0.0.1 at 2014-11-19 07:08:07 -0500


Started GET "/assets/jquery_ujs.js?body=1" for 127.0.0.1 at 2014-11-19 07:08:07 -0500


Started GET "/assets/turbolinks.js?body=1" for 127.0.0.1 at 2014-11-19 07:08:07 -0500


Started GET "/assets/application.css?body=1" for 127.0.0.1 at 2014-11-19 07:08:07 -0500


Started GET "/departments/4" for 127.0.0.1 at 2014-11-19 07:08:26 -0500
Processing by DepartmentsController#show as HTML
  Parameters: {"id"=>"4"}
  [1m[36mDepartment Load (0.7ms)[0m  [1mSELECT  "departments".* FROM "departments"  WHERE "departments"."id" = $1 LIMIT 1[0m  [["id", 4]]
  [1m[35mCourse Load (1.5ms)[0m  SELECT "courses".* FROM "courses"  WHERE "courses"."department_id" = $1  [["department_id", 4]]
  Rendered departments/show.html.erb within layouts/application (24.9ms)
Completed 200 OK in 74ms (Views: 42.0ms | ActiveRecord: 6.6ms)
